{
  "stats": {
    "suites": 2,
    "tests": 13,
    "passes": 13,
    "pending": 0,
    "failures": 0,
    "start": "2021-05-07T18:29:05.645Z",
    "end": "2021-05-07T18:29:05.672Z",
    "duration": 27,
    "testsRegistered": 13,
    "passPercent": 100,
    "pendingPercent": 0,
    "other": 0,
    "hasOther": false,
    "skipped": 0,
    "hasSkipped": false
  },
  "results": [
    {
      "uuid": "aaf98a07-877a-4c2b-9136-35db76e4e440",
      "title": "",
      "fullFile": "",
      "file": "",
      "beforeHooks": [],
      "afterHooks": [],
      "tests": [],
      "suites": [
        {
          "uuid": "2f3280a8-f353-4e2b-bb3a-dd3dc39b1cb2",
          "title": "Add method unit testing:",
          "fullFile": "D:\\!EPAM'S_COURSES\\GIT_TRAIN\\Auto-JS-2021\\hw_test1\\test\\specs\\addCalculator.spec.js",
          "file": "\\hw_test1\\test\\specs\\addCalculator.spec.js",
          "beforeHooks": [
            {
              "title": "\"before each\" hook in \"Add method unit testing:\"",
              "fullTitle": "Add method unit testing: \"before each\" hook in \"Add method unit testing:\"",
              "timedOut": false,
              "duration": 0,
              "state": null,
              "speed": null,
              "pass": false,
              "fail": false,
              "pending": false,
              "context": null,
              "code": "calculator = new Calculator.Calculator();",
              "err": {},
              "uuid": "1a4369b0-fcd9-4b87-a835-bba7c3f8961a",
              "parentUUID": "2f3280a8-f353-4e2b-bb3a-dd3dc39b1cb2",
              "isHook": true,
              "skipped": false
            }
          ],
          "afterHooks": [
            {
              "title": "\"after each\" hook in \"Add method unit testing:\"",
              "fullTitle": "Add method unit testing: \"after each\" hook in \"Add method unit testing:\"",
              "timedOut": false,
              "duration": 0,
              "state": null,
              "speed": null,
              "pass": false,
              "fail": false,
              "pending": false,
              "context": null,
              "code": "calculator = null;",
              "err": {},
              "uuid": "381b24e0-67d1-433d-b7a5-c826a65cb2b2",
              "parentUUID": "2f3280a8-f353-4e2b-bb3a-dd3dc39b1cb2",
              "isHook": true,
              "skipped": false
            }
          ],
          "tests": [
            {
              "title": "should return 15 when called: add(7,8)",
              "fullTitle": "Add method unit testing: should return 15 when called: add(7,8)",
              "timedOut": false,
              "duration": 0,
              "state": "passed",
              "speed": "fast",
              "pass": true,
              "fail": false,
              "pending": false,
              "context": null,
              "code": "expect(calculator.add(7,8)).to.equal(15);",
              "err": {},
              "uuid": "90105804-3a11-4171-ad9b-53427daafbc6",
              "parentUUID": "2f3280a8-f353-4e2b-bb3a-dd3dc39b1cb2",
              "isHook": false,
              "skipped": false
            },
            {
              "title": "should return -1 when called: add(7,-8)",
              "fullTitle": "Add method unit testing: should return -1 when called: add(7,-8)",
              "timedOut": false,
              "duration": 0,
              "state": "passed",
              "speed": "fast",
              "pass": true,
              "fail": false,
              "pending": false,
              "context": null,
              "code": "expect(calculator.add(7,-8)).to.equal(-1);",
              "err": {},
              "uuid": "5117a971-4c01-4b42-8f0a-b5dbf1257075",
              "parentUUID": "2f3280a8-f353-4e2b-bb3a-dd3dc39b1cb2",
              "isHook": false,
              "skipped": false
            },
            {
              "title": "should return 1 when called: add(-7,8)",
              "fullTitle": "Add method unit testing: should return 1 when called: add(-7,8)",
              "timedOut": false,
              "duration": 0,
              "state": "passed",
              "speed": "fast",
              "pass": true,
              "fail": false,
              "pending": false,
              "context": null,
              "code": "expect(calculator.add(-7,8)).to.equal(1);",
              "err": {},
              "uuid": "63d9472a-7582-4f59-8e15-ee01ee838a69",
              "parentUUID": "2f3280a8-f353-4e2b-bb3a-dd3dc39b1cb2",
              "isHook": false,
              "skipped": false
            },
            {
              "title": "should return -15 when called: add(-7,-8)",
              "fullTitle": "Add method unit testing: should return -15 when called: add(-7,-8)",
              "timedOut": false,
              "duration": 0,
              "state": "passed",
              "speed": "fast",
              "pass": true,
              "fail": false,
              "pending": false,
              "context": null,
              "code": "expect(calculator.add(-7,-8)).to.equal(-15);",
              "err": {},
              "uuid": "4256bcec-ff38-46dd-bedb-d103f9ca938d",
              "parentUUID": "2f3280a8-f353-4e2b-bb3a-dd3dc39b1cb2",
              "isHook": false,
              "skipped": false
            },
            {
              "title": "should return Error when called: add(152,\"14\")",
              "fullTitle": "Add method unit testing: should return Error when called: add(152,\"14\")",
              "timedOut": false,
              "duration": 1,
              "state": "passed",
              "speed": "fast",
              "pass": true,
              "fail": false,
              "pending": false,
              "context": null,
              "code": "let message = () =>  calculator.add(152, \"14\");       \nexpect(message).to.throw(\"Invalid data type\");",
              "err": {},
              "uuid": "8db73594-721a-43ca-92dd-a4a46ed7b38f",
              "parentUUID": "2f3280a8-f353-4e2b-bb3a-dd3dc39b1cb2",
              "isHook": false,
              "skipped": false
            },
            {
              "title": "should return Error when called: add(\"152\",14)",
              "fullTitle": "Add method unit testing: should return Error when called: add(\"152\",14)",
              "timedOut": false,
              "duration": 0,
              "state": "passed",
              "speed": "fast",
              "pass": true,
              "fail": false,
              "pending": false,
              "context": null,
              "code": "let message = () =>  calculator.add(\"152\", 14);       \nexpect(message).to.throw(\"Invalid data type\");",
              "err": {},
              "uuid": "b3896b6a-0dff-4152-b0e9-cbdcf26ed091",
              "parentUUID": "2f3280a8-f353-4e2b-bb3a-dd3dc39b1cb2",
              "isHook": false,
              "skipped": false
            }
          ],
          "suites": [],
          "passes": [
            "90105804-3a11-4171-ad9b-53427daafbc6",
            "5117a971-4c01-4b42-8f0a-b5dbf1257075",
            "63d9472a-7582-4f59-8e15-ee01ee838a69",
            "4256bcec-ff38-46dd-bedb-d103f9ca938d",
            "8db73594-721a-43ca-92dd-a4a46ed7b38f",
            "b3896b6a-0dff-4152-b0e9-cbdcf26ed091"
          ],
          "failures": [],
          "pending": [],
          "skipped": [],
          "duration": 1,
          "root": false,
          "rootEmpty": false,
          "_timeout": 5000
        },
        {
          "uuid": "6a88d6db-e2ac-450e-9d9c-c43b7958b66d",
          "title": "Subtract method unit testing:",
          "fullFile": "D:\\!EPAM'S_COURSES\\GIT_TRAIN\\Auto-JS-2021\\hw_test1\\test\\specs\\subtractCalculator.spec.js",
          "file": "\\hw_test1\\test\\specs\\subtractCalculator.spec.js",
          "beforeHooks": [
            {
              "title": "\"before each\" hook in \"Subtract method unit testing:\"",
              "fullTitle": "Subtract method unit testing: \"before each\" hook in \"Subtract method unit testing:\"",
              "timedOut": false,
              "duration": 0,
              "state": null,
              "speed": null,
              "pass": false,
              "fail": false,
              "pending": false,
              "context": null,
              "code": "calculator = new Calculator.Calculator();",
              "err": {},
              "uuid": "6e6bc4c6-a1ef-4136-af6f-55172b230885",
              "parentUUID": "6a88d6db-e2ac-450e-9d9c-c43b7958b66d",
              "isHook": true,
              "skipped": false
            }
          ],
          "afterHooks": [
            {
              "title": "\"after each\" hook in \"Subtract method unit testing:\"",
              "fullTitle": "Subtract method unit testing: \"after each\" hook in \"Subtract method unit testing:\"",
              "timedOut": false,
              "duration": 0,
              "state": null,
              "speed": null,
              "pass": false,
              "fail": false,
              "pending": false,
              "context": null,
              "code": "calculator = null;",
              "err": {},
              "uuid": "924f7701-5fb0-4648-8eb9-29439b33abf7",
              "parentUUID": "6a88d6db-e2ac-450e-9d9c-c43b7958b66d",
              "isHook": true,
              "skipped": false
            }
          ],
          "tests": [
            {
              "title": "should return 0 when called: subtract(15,15)",
              "fullTitle": "Subtract method unit testing: should return 0 when called: subtract(15,15)",
              "timedOut": false,
              "duration": 0,
              "state": "passed",
              "speed": "fast",
              "pass": true,
              "fail": false,
              "pending": false,
              "context": null,
              "code": "expect(calculator.subtract(15,15)).to.equal(0);",
              "err": {},
              "uuid": "79ba5f80-8da6-492f-8d57-0eb3f8132b89",
              "parentUUID": "6a88d6db-e2ac-450e-9d9c-c43b7958b66d",
              "isHook": false,
              "skipped": false
            },
            {
              "title": "should return -1 when called: subtract(15,16)",
              "fullTitle": "Subtract method unit testing: should return -1 when called: subtract(15,16)",
              "timedOut": false,
              "duration": 0,
              "state": "passed",
              "speed": "fast",
              "pass": true,
              "fail": false,
              "pending": false,
              "context": null,
              "code": "expect(calculator.subtract(15,16)).to.equal(-1);",
              "err": {},
              "uuid": "5f0bca48-4016-41cb-a3c5-92cd66af5caa",
              "parentUUID": "6a88d6db-e2ac-450e-9d9c-c43b7958b66d",
              "isHook": false,
              "skipped": false
            },
            {
              "title": "should return 31 when called: subtract(15,-16)",
              "fullTitle": "Subtract method unit testing: should return 31 when called: subtract(15,-16)",
              "timedOut": false,
              "duration": 0,
              "state": "passed",
              "speed": "fast",
              "pass": true,
              "fail": false,
              "pending": false,
              "context": null,
              "code": "expect(calculator.subtract(15,-16)).to.equal(31);",
              "err": {},
              "uuid": "53f85914-c384-4f06-b97e-bc2520b2d3c1",
              "parentUUID": "6a88d6db-e2ac-450e-9d9c-c43b7958b66d",
              "isHook": false,
              "skipped": false
            },
            {
              "title": "should return -31 when called: subtract(-15,16)",
              "fullTitle": "Subtract method unit testing: should return -31 when called: subtract(-15,16)",
              "timedOut": false,
              "duration": 0,
              "state": "passed",
              "speed": "fast",
              "pass": true,
              "fail": false,
              "pending": false,
              "context": null,
              "code": "expect(calculator.subtract(-15,16)).to.equal(-31);",
              "err": {},
              "uuid": "6ae20595-923a-4ec6-8255-7157819c30b2",
              "parentUUID": "6a88d6db-e2ac-450e-9d9c-c43b7958b66d",
              "isHook": false,
              "skipped": false
            },
            {
              "title": "should return 1 when called: subtract(-15,-16)",
              "fullTitle": "Subtract method unit testing: should return 1 when called: subtract(-15,-16)",
              "timedOut": false,
              "duration": 0,
              "state": "passed",
              "speed": "fast",
              "pass": true,
              "fail": false,
              "pending": false,
              "context": null,
              "code": "expect(calculator.subtract(-15,-16)).to.equal(1);",
              "err": {},
              "uuid": "8d75adb6-9a50-4176-8a35-d76f9d18cf61",
              "parentUUID": "6a88d6db-e2ac-450e-9d9c-c43b7958b66d",
              "isHook": false,
              "skipped": false
            },
            {
              "title": "should return Error when called: subtract(152,false)",
              "fullTitle": "Subtract method unit testing: should return Error when called: subtract(152,false)",
              "timedOut": false,
              "duration": 0,
              "state": "passed",
              "speed": "fast",
              "pass": true,
              "fail": false,
              "pending": false,
              "context": null,
              "code": "let message = () =>  calculator.subtract(152, false);       \nexpect(message).to.throw(\"Invalid data type\");",
              "err": {},
              "uuid": "1c42d93d-c2a7-44ef-8942-49e8605981d9",
              "parentUUID": "6a88d6db-e2ac-450e-9d9c-c43b7958b66d",
              "isHook": false,
              "skipped": false
            },
            {
              "title": "should return Error when called: subtract(null,14)",
              "fullTitle": "Subtract method unit testing: should return Error when called: subtract(null,14)",
              "timedOut": false,
              "duration": 1,
              "state": "passed",
              "speed": "fast",
              "pass": true,
              "fail": false,
              "pending": false,
              "context": null,
              "code": "let message = () =>  calculator.subtract(null, 14);       \nexpect(message).to.throw(\"Invalid data type\");",
              "err": {},
              "uuid": "02b37cbe-b66f-4b68-819c-12900f4158d8",
              "parentUUID": "6a88d6db-e2ac-450e-9d9c-c43b7958b66d",
              "isHook": false,
              "skipped": false
            }
          ],
          "suites": [],
          "passes": [
            "79ba5f80-8da6-492f-8d57-0eb3f8132b89",
            "5f0bca48-4016-41cb-a3c5-92cd66af5caa",
            "53f85914-c384-4f06-b97e-bc2520b2d3c1",
            "6ae20595-923a-4ec6-8255-7157819c30b2",
            "8d75adb6-9a50-4176-8a35-d76f9d18cf61",
            "1c42d93d-c2a7-44ef-8942-49e8605981d9",
            "02b37cbe-b66f-4b68-819c-12900f4158d8"
          ],
          "failures": [],
          "pending": [],
          "skipped": [],
          "duration": 1,
          "root": false,
          "rootEmpty": false,
          "_timeout": 5000
        }
      ],
      "passes": [],
      "failures": [],
      "pending": [],
      "skipped": [],
      "duration": 0,
      "root": true,
      "rootEmpty": true,
      "_timeout": 5000
    }
  ],
  "meta": {
    "mocha": {
      "version": "8.4.0"
    },
    "mochawesome": {
      "options": {
        "quiet": false,
        "reportFilename": "mochawesome",
        "saveHtml": true,
        "saveJson": true,
        "consoleReporter": "spec",
        "useInlineDiffs": false,
        "code": true
      },
      "version": "6.2.2"
    },
    "marge": {
      "options": null,
      "version": "5.2.0"
    }
  }
}