{
  "stats": {
    "suites": 3,
    "tests": 24,
    "passes": 24,
    "pending": 0,
    "failures": 0,
    "start": "2021-05-07T19:04:15.683Z",
    "end": "2021-05-07T19:04:15.717Z",
    "duration": 34,
    "testsRegistered": 24,
    "passPercent": 100,
    "pendingPercent": 0,
    "other": 0,
    "hasOther": false,
    "skipped": 0,
    "hasSkipped": false
  },
  "results": [
    {
      "uuid": "a0a29a41-6d21-4268-9831-49f34a076868",
      "title": "",
      "fullFile": "",
      "file": "",
      "beforeHooks": [],
      "afterHooks": [],
      "tests": [],
      "suites": [
        {
          "uuid": "292da2cd-9819-444f-aa7c-fb54639bcedf",
          "title": "Add method unit testing:",
          "fullFile": "D:\\!EPAM'S_COURSES\\GIT_TRAIN\\Auto-JS-2021\\hw_test1\\test\\specs\\addCalculator.spec.js",
          "file": "\\hw_test1\\test\\specs\\addCalculator.spec.js",
          "beforeHooks": [
            {
              "title": "\"before each\" hook in \"Add method unit testing:\"",
              "fullTitle": "Add method unit testing: \"before each\" hook in \"Add method unit testing:\"",
              "timedOut": false,
              "duration": 0,
              "state": null,
              "speed": null,
              "pass": false,
              "fail": false,
              "pending": false,
              "context": null,
              "code": "calculator = new Calculator.Calculator();",
              "err": {},
              "uuid": "234f3c32-3dbf-497e-a5ad-0e02732a0045",
              "parentUUID": "292da2cd-9819-444f-aa7c-fb54639bcedf",
              "isHook": true,
              "skipped": false
            }
          ],
          "afterHooks": [
            {
              "title": "\"after each\" hook in \"Add method unit testing:\"",
              "fullTitle": "Add method unit testing: \"after each\" hook in \"Add method unit testing:\"",
              "timedOut": false,
              "duration": 0,
              "state": null,
              "speed": null,
              "pass": false,
              "fail": false,
              "pending": false,
              "context": null,
              "code": "calculator = null;",
              "err": {},
              "uuid": "a1f5350f-ed08-43fc-85f5-6b6e4f3e65f3",
              "parentUUID": "292da2cd-9819-444f-aa7c-fb54639bcedf",
              "isHook": true,
              "skipped": false
            }
          ],
          "tests": [
            {
              "title": "should return 15 when called: add(7,8)",
              "fullTitle": "Add method unit testing: should return 15 when called: add(7,8)",
              "timedOut": false,
              "duration": 0,
              "state": "passed",
              "speed": "fast",
              "pass": true,
              "fail": false,
              "pending": false,
              "context": null,
              "code": "expect(calculator.add(7,8)).to.equal(15);",
              "err": {},
              "uuid": "43babce3-bbb8-4362-bf39-7dab3d5209f1",
              "parentUUID": "292da2cd-9819-444f-aa7c-fb54639bcedf",
              "isHook": false,
              "skipped": false
            },
            {
              "title": "should return -1 when called: add(7,-8)",
              "fullTitle": "Add method unit testing: should return -1 when called: add(7,-8)",
              "timedOut": false,
              "duration": 0,
              "state": "passed",
              "speed": "fast",
              "pass": true,
              "fail": false,
              "pending": false,
              "context": null,
              "code": "expect(calculator.add(7,-8)).to.equal(-1);",
              "err": {},
              "uuid": "9f67f53a-57df-4a0a-a526-b37a84990253",
              "parentUUID": "292da2cd-9819-444f-aa7c-fb54639bcedf",
              "isHook": false,
              "skipped": false
            },
            {
              "title": "should return 1 when called: add(-7,8)",
              "fullTitle": "Add method unit testing: should return 1 when called: add(-7,8)",
              "timedOut": false,
              "duration": 1,
              "state": "passed",
              "speed": "fast",
              "pass": true,
              "fail": false,
              "pending": false,
              "context": null,
              "code": "expect(calculator.add(-7,8)).to.equal(1);",
              "err": {},
              "uuid": "963b689f-e098-443b-8be3-ab23562ebb92",
              "parentUUID": "292da2cd-9819-444f-aa7c-fb54639bcedf",
              "isHook": false,
              "skipped": false
            },
            {
              "title": "should return -15 when called: add(-7,-8)",
              "fullTitle": "Add method unit testing: should return -15 when called: add(-7,-8)",
              "timedOut": false,
              "duration": 0,
              "state": "passed",
              "speed": "fast",
              "pass": true,
              "fail": false,
              "pending": false,
              "context": null,
              "code": "expect(calculator.add(-7,-8)).to.equal(-15);",
              "err": {},
              "uuid": "566a570c-980a-4b0f-868d-52657c2d967a",
              "parentUUID": "292da2cd-9819-444f-aa7c-fb54639bcedf",
              "isHook": false,
              "skipped": false
            },
            {
              "title": "should return Error when called: add(152,\"14\")",
              "fullTitle": "Add method unit testing: should return Error when called: add(152,\"14\")",
              "timedOut": false,
              "duration": 1,
              "state": "passed",
              "speed": "fast",
              "pass": true,
              "fail": false,
              "pending": false,
              "context": null,
              "code": "let message = () =>  calculator.add(152, \"14\");       \nexpect(message).to.throw(\"Invalid data type\");",
              "err": {},
              "uuid": "95e73d10-c05f-4f39-8343-33019801044b",
              "parentUUID": "292da2cd-9819-444f-aa7c-fb54639bcedf",
              "isHook": false,
              "skipped": false
            },
            {
              "title": "should return Error when called: add(\"152\",14)",
              "fullTitle": "Add method unit testing: should return Error when called: add(\"152\",14)",
              "timedOut": false,
              "duration": 0,
              "state": "passed",
              "speed": "fast",
              "pass": true,
              "fail": false,
              "pending": false,
              "context": null,
              "code": "let message = () =>  calculator.add(\"152\", 14);       \nexpect(message).to.throw(\"Invalid data type\");",
              "err": {},
              "uuid": "8e6960cc-5570-4a6b-b227-94114ae55382",
              "parentUUID": "292da2cd-9819-444f-aa7c-fb54639bcedf",
              "isHook": false,
              "skipped": false
            }
          ],
          "suites": [],
          "passes": [
            "43babce3-bbb8-4362-bf39-7dab3d5209f1",
            "9f67f53a-57df-4a0a-a526-b37a84990253",
            "963b689f-e098-443b-8be3-ab23562ebb92",
            "566a570c-980a-4b0f-868d-52657c2d967a",
            "95e73d10-c05f-4f39-8343-33019801044b",
            "8e6960cc-5570-4a6b-b227-94114ae55382"
          ],
          "failures": [],
          "pending": [],
          "skipped": [],
          "duration": 2,
          "root": false,
          "rootEmpty": false,
          "_timeout": 5000
        },
        {
          "uuid": "3c142eb6-9738-4272-974a-8254ef769e52",
          "title": "Multiply method unit testing:",
          "fullFile": "D:\\!EPAM'S_COURSES\\GIT_TRAIN\\Auto-JS-2021\\hw_test1\\test\\specs\\multiplyCalculator.spec.js",
          "file": "\\hw_test1\\test\\specs\\multiplyCalculator.spec.js",
          "beforeHooks": [
            {
              "title": "\"before each\" hook in \"Multiply method unit testing:\"",
              "fullTitle": "Multiply method unit testing: \"before each\" hook in \"Multiply method unit testing:\"",
              "timedOut": false,
              "duration": 0,
              "state": null,
              "speed": null,
              "pass": false,
              "fail": false,
              "pending": false,
              "context": null,
              "code": "calculator = new Calculator.Calculator();",
              "err": {},
              "uuid": "828d1d6c-f8f0-4eb2-9fa8-286b2072ae86",
              "parentUUID": "3c142eb6-9738-4272-974a-8254ef769e52",
              "isHook": true,
              "skipped": false
            }
          ],
          "afterHooks": [
            {
              "title": "\"after each\" hook in \"Multiply method unit testing:\"",
              "fullTitle": "Multiply method unit testing: \"after each\" hook in \"Multiply method unit testing:\"",
              "timedOut": false,
              "duration": 0,
              "state": null,
              "speed": null,
              "pass": false,
              "fail": false,
              "pending": false,
              "context": null,
              "code": "calculator = null;",
              "err": {},
              "uuid": "342f1516-9f91-4701-b8e7-1d2be73a394f",
              "parentUUID": "3c142eb6-9738-4272-974a-8254ef769e52",
              "isHook": true,
              "skipped": false
            }
          ],
          "tests": [
            {
              "title": "should return 25 when called: multiply(5,5)",
              "fullTitle": "Multiply method unit testing: should return 25 when called: multiply(5,5)",
              "timedOut": false,
              "duration": 0,
              "state": "passed",
              "speed": "fast",
              "pass": true,
              "fail": false,
              "pending": false,
              "context": null,
              "code": "expect(calculator.multiply(5,5)).to.equal(25);",
              "err": {},
              "uuid": "5b7df9ce-b67e-4d34-ad1f-6254dd047590",
              "parentUUID": "3c142eb6-9738-4272-974a-8254ef769e52",
              "isHook": false,
              "skipped": false
            },
            {
              "title": "should return 0 when called: multiply(1,0)",
              "fullTitle": "Multiply method unit testing: should return 0 when called: multiply(1,0)",
              "timedOut": false,
              "duration": 0,
              "state": "passed",
              "speed": "fast",
              "pass": true,
              "fail": false,
              "pending": false,
              "context": null,
              "code": "expect(calculator.multiply(0,1)).to.equal(0);",
              "err": {},
              "uuid": "e7fe21a6-45eb-49f0-8d6f-7b7f571beb36",
              "parentUUID": "3c142eb6-9738-4272-974a-8254ef769e52",
              "isHook": false,
              "skipped": false
            },
            {
              "title": "should return 0 when called: multiply(1,-0)",
              "fullTitle": "Multiply method unit testing: should return 0 when called: multiply(1,-0)",
              "timedOut": false,
              "duration": 0,
              "state": "passed",
              "speed": "fast",
              "pass": true,
              "fail": false,
              "pending": false,
              "context": null,
              "code": "expect(calculator.multiply(1,-0)).to.equal(0);",
              "err": {},
              "uuid": "f9d2d00c-b1b7-4e1d-92a4-d401faea97c7",
              "parentUUID": "3c142eb6-9738-4272-974a-8254ef769e52",
              "isHook": false,
              "skipped": false
            },
            {
              "title": "should return 0 when called: multiply(-1,0)",
              "fullTitle": "Multiply method unit testing: should return 0 when called: multiply(-1,0)",
              "timedOut": false,
              "duration": 0,
              "state": "passed",
              "speed": "fast",
              "pass": true,
              "fail": false,
              "pending": false,
              "context": null,
              "code": "expect(calculator.multiply(-1,0)).to.equal(0);",
              "err": {},
              "uuid": "f8b2c796-7b6f-4934-8b45-9c28175d7c4a",
              "parentUUID": "3c142eb6-9738-4272-974a-8254ef769e52",
              "isHook": false,
              "skipped": false
            },
            {
              "title": "should return 20 when called: multiply(-10,-2)",
              "fullTitle": "Multiply method unit testing: should return 20 when called: multiply(-10,-2)",
              "timedOut": false,
              "duration": 1,
              "state": "passed",
              "speed": "fast",
              "pass": true,
              "fail": false,
              "pending": false,
              "context": null,
              "code": "expect(calculator.multiply(-10,-2)).to.equal(20);",
              "err": {},
              "uuid": "e6c6e47b-09ed-475e-b0cc-ef8e36c30ad2",
              "parentUUID": "3c142eb6-9738-4272-974a-8254ef769e52",
              "isHook": false,
              "skipped": false
            },
            {
              "title": "should return -20 when called: multiply(10,-2)",
              "fullTitle": "Multiply method unit testing: should return -20 when called: multiply(10,-2)",
              "timedOut": false,
              "duration": 0,
              "state": "passed",
              "speed": "fast",
              "pass": true,
              "fail": false,
              "pending": false,
              "context": null,
              "code": "expect(calculator.multiply(10,-2)).to.equal(-20);",
              "err": {},
              "uuid": "f9147510-0d57-4527-a843-a24305927cb4",
              "parentUUID": "3c142eb6-9738-4272-974a-8254ef769e52",
              "isHook": false,
              "skipped": false
            },
            {
              "title": "should return 0.01 when called: multiply(0.1, 0.1)",
              "fullTitle": "Multiply method unit testing: should return 0.01 when called: multiply(0.1, 0.1)",
              "timedOut": false,
              "duration": 1,
              "state": "passed",
              "speed": "fast",
              "pass": true,
              "fail": false,
              "pending": false,
              "context": null,
              "code": "let result = calculator.multiply(0.1, 0.1)\nexpect(+result.toFixed(2)).to.equal(0.01);",
              "err": {},
              "uuid": "95eaabf8-2a96-49d5-86bd-b5a3b760c077",
              "parentUUID": "3c142eb6-9738-4272-974a-8254ef769e52",
              "isHook": false,
              "skipped": false
            },
            {
              "title": "should return Error when called: multiply(152,\"14\")",
              "fullTitle": "Multiply method unit testing: should return Error when called: multiply(152,\"14\")",
              "timedOut": false,
              "duration": 0,
              "state": "passed",
              "speed": "fast",
              "pass": true,
              "fail": false,
              "pending": false,
              "context": null,
              "code": "let message = () =>  calculator.multiply(152, \"14\");       \nexpect(message).to.throw(\"Invalid data type\");",
              "err": {},
              "uuid": "58a4cb21-537f-4a7e-87f8-b2c5f2de36df",
              "parentUUID": "3c142eb6-9738-4272-974a-8254ef769e52",
              "isHook": false,
              "skipped": false
            },
            {
              "title": "should return Error when called: multiply(\"152\",14)",
              "fullTitle": "Multiply method unit testing: should return Error when called: multiply(\"152\",14)",
              "timedOut": false,
              "duration": 0,
              "state": "passed",
              "speed": "fast",
              "pass": true,
              "fail": false,
              "pending": false,
              "context": null,
              "code": "let message = () =>  calculator.multiply(152, \"14\");       \nexpect(message).to.throw(\"Invalid data type\");",
              "err": {},
              "uuid": "632109c4-0ac2-4ee8-a7ac-bba4e5228a43",
              "parentUUID": "3c142eb6-9738-4272-974a-8254ef769e52",
              "isHook": false,
              "skipped": false
            },
            {
              "title": "should return Error when called: multiply(152,null)",
              "fullTitle": "Multiply method unit testing: should return Error when called: multiply(152,null)",
              "timedOut": false,
              "duration": 0,
              "state": "passed",
              "speed": "fast",
              "pass": true,
              "fail": false,
              "pending": false,
              "context": null,
              "code": "let message = () =>  calculator.multiply(152, null);       \nexpect(message).to.throw(\"Invalid data type\");",
              "err": {},
              "uuid": "594544be-7ceb-42f6-8201-5203c9f59c23",
              "parentUUID": "3c142eb6-9738-4272-974a-8254ef769e52",
              "isHook": false,
              "skipped": false
            },
            {
              "title": "should return Error when called: multiply(152,false)",
              "fullTitle": "Multiply method unit testing: should return Error when called: multiply(152,false)",
              "timedOut": false,
              "duration": 0,
              "state": "passed",
              "speed": "fast",
              "pass": true,
              "fail": false,
              "pending": false,
              "context": null,
              "code": "let message = () =>  calculator.multiply(152, false);       \nexpect(message).to.throw(\"Invalid data type\");",
              "err": {},
              "uuid": "9de2c438-d59a-411b-b0b3-9ee29e1f4e8e",
              "parentUUID": "3c142eb6-9738-4272-974a-8254ef769e52",
              "isHook": false,
              "skipped": false
            }
          ],
          "suites": [],
          "passes": [
            "5b7df9ce-b67e-4d34-ad1f-6254dd047590",
            "e7fe21a6-45eb-49f0-8d6f-7b7f571beb36",
            "f9d2d00c-b1b7-4e1d-92a4-d401faea97c7",
            "f8b2c796-7b6f-4934-8b45-9c28175d7c4a",
            "e6c6e47b-09ed-475e-b0cc-ef8e36c30ad2",
            "f9147510-0d57-4527-a843-a24305927cb4",
            "95eaabf8-2a96-49d5-86bd-b5a3b760c077",
            "58a4cb21-537f-4a7e-87f8-b2c5f2de36df",
            "632109c4-0ac2-4ee8-a7ac-bba4e5228a43",
            "594544be-7ceb-42f6-8201-5203c9f59c23",
            "9de2c438-d59a-411b-b0b3-9ee29e1f4e8e"
          ],
          "failures": [],
          "pending": [],
          "skipped": [],
          "duration": 2,
          "root": false,
          "rootEmpty": false,
          "_timeout": 5000
        },
        {
          "uuid": "6f868848-9022-4da7-ab5a-7e5c276b2cd2",
          "title": "Subtract method unit testing:",
          "fullFile": "D:\\!EPAM'S_COURSES\\GIT_TRAIN\\Auto-JS-2021\\hw_test1\\test\\specs\\subtractCalculator.spec.js",
          "file": "\\hw_test1\\test\\specs\\subtractCalculator.spec.js",
          "beforeHooks": [
            {
              "title": "\"before each\" hook in \"Subtract method unit testing:\"",
              "fullTitle": "Subtract method unit testing: \"before each\" hook in \"Subtract method unit testing:\"",
              "timedOut": false,
              "duration": 0,
              "state": null,
              "speed": null,
              "pass": false,
              "fail": false,
              "pending": false,
              "context": null,
              "code": "calculator = new Calculator.Calculator();",
              "err": {},
              "uuid": "47647338-16de-4310-8567-3b395bf27bf6",
              "parentUUID": "6f868848-9022-4da7-ab5a-7e5c276b2cd2",
              "isHook": true,
              "skipped": false
            }
          ],
          "afterHooks": [
            {
              "title": "\"after each\" hook in \"Subtract method unit testing:\"",
              "fullTitle": "Subtract method unit testing: \"after each\" hook in \"Subtract method unit testing:\"",
              "timedOut": false,
              "duration": 0,
              "state": null,
              "speed": null,
              "pass": false,
              "fail": false,
              "pending": false,
              "context": null,
              "code": "calculator = null;",
              "err": {},
              "uuid": "25873c4e-7b78-4e40-b66e-e87bc03b7382",
              "parentUUID": "6f868848-9022-4da7-ab5a-7e5c276b2cd2",
              "isHook": true,
              "skipped": false
            }
          ],
          "tests": [
            {
              "title": "should return 0 when called: subtract(15,15)",
              "fullTitle": "Subtract method unit testing: should return 0 when called: subtract(15,15)",
              "timedOut": false,
              "duration": 0,
              "state": "passed",
              "speed": "fast",
              "pass": true,
              "fail": false,
              "pending": false,
              "context": null,
              "code": "expect(calculator.subtract(15,15)).to.equal(0);",
              "err": {},
              "uuid": "c211bd3b-7077-4cc4-800d-864fd7190d6f",
              "parentUUID": "6f868848-9022-4da7-ab5a-7e5c276b2cd2",
              "isHook": false,
              "skipped": false
            },
            {
              "title": "should return -1 when called: subtract(15,16)",
              "fullTitle": "Subtract method unit testing: should return -1 when called: subtract(15,16)",
              "timedOut": false,
              "duration": 0,
              "state": "passed",
              "speed": "fast",
              "pass": true,
              "fail": false,
              "pending": false,
              "context": null,
              "code": "expect(calculator.subtract(15,16)).to.equal(-1);",
              "err": {},
              "uuid": "38b25af3-1c04-4c03-a4c3-38476148b86f",
              "parentUUID": "6f868848-9022-4da7-ab5a-7e5c276b2cd2",
              "isHook": false,
              "skipped": false
            },
            {
              "title": "should return 31 when called: subtract(15,-16)",
              "fullTitle": "Subtract method unit testing: should return 31 when called: subtract(15,-16)",
              "timedOut": false,
              "duration": 0,
              "state": "passed",
              "speed": "fast",
              "pass": true,
              "fail": false,
              "pending": false,
              "context": null,
              "code": "expect(calculator.subtract(15,-16)).to.equal(31);",
              "err": {},
              "uuid": "46e86dce-7d38-4e24-bb4d-8017809c4d1d",
              "parentUUID": "6f868848-9022-4da7-ab5a-7e5c276b2cd2",
              "isHook": false,
              "skipped": false
            },
            {
              "title": "should return -31 when called: subtract(-15,16)",
              "fullTitle": "Subtract method unit testing: should return -31 when called: subtract(-15,16)",
              "timedOut": false,
              "duration": 0,
              "state": "passed",
              "speed": "fast",
              "pass": true,
              "fail": false,
              "pending": false,
              "context": null,
              "code": "expect(calculator.subtract(-15,16)).to.equal(-31);",
              "err": {},
              "uuid": "43edd011-2628-4d03-a0a2-96c92ff280f5",
              "parentUUID": "6f868848-9022-4da7-ab5a-7e5c276b2cd2",
              "isHook": false,
              "skipped": false
            },
            {
              "title": "should return 1 when called: subtract(-15,-16)",
              "fullTitle": "Subtract method unit testing: should return 1 when called: subtract(-15,-16)",
              "timedOut": false,
              "duration": 0,
              "state": "passed",
              "speed": "fast",
              "pass": true,
              "fail": false,
              "pending": false,
              "context": null,
              "code": "expect(calculator.subtract(-15,-16)).to.equal(1);",
              "err": {},
              "uuid": "f5327402-f5e5-46be-b453-40f12aa24b63",
              "parentUUID": "6f868848-9022-4da7-ab5a-7e5c276b2cd2",
              "isHook": false,
              "skipped": false
            },
            {
              "title": "should return Error when called: subtract(152,false)",
              "fullTitle": "Subtract method unit testing: should return Error when called: subtract(152,false)",
              "timedOut": false,
              "duration": 1,
              "state": "passed",
              "speed": "fast",
              "pass": true,
              "fail": false,
              "pending": false,
              "context": null,
              "code": "let message = () =>  calculator.subtract(152, false);       \nexpect(message).to.throw(\"Invalid data type\");",
              "err": {},
              "uuid": "471fedc3-374c-42b9-8182-ba88b3e888a0",
              "parentUUID": "6f868848-9022-4da7-ab5a-7e5c276b2cd2",
              "isHook": false,
              "skipped": false
            },
            {
              "title": "should return Error when called: subtract(null,14)",
              "fullTitle": "Subtract method unit testing: should return Error when called: subtract(null,14)",
              "timedOut": false,
              "duration": 1,
              "state": "passed",
              "speed": "fast",
              "pass": true,
              "fail": false,
              "pending": false,
              "context": null,
              "code": "let message = () =>  calculator.subtract(null, 14);       \nexpect(message).to.throw(\"Invalid data type\");",
              "err": {},
              "uuid": "b3613698-76b2-49e9-841d-5cfde20e3da5",
              "parentUUID": "6f868848-9022-4da7-ab5a-7e5c276b2cd2",
              "isHook": false,
              "skipped": false
            }
          ],
          "suites": [],
          "passes": [
            "c211bd3b-7077-4cc4-800d-864fd7190d6f",
            "38b25af3-1c04-4c03-a4c3-38476148b86f",
            "46e86dce-7d38-4e24-bb4d-8017809c4d1d",
            "43edd011-2628-4d03-a0a2-96c92ff280f5",
            "f5327402-f5e5-46be-b453-40f12aa24b63",
            "471fedc3-374c-42b9-8182-ba88b3e888a0",
            "b3613698-76b2-49e9-841d-5cfde20e3da5"
          ],
          "failures": [],
          "pending": [],
          "skipped": [],
          "duration": 2,
          "root": false,
          "rootEmpty": false,
          "_timeout": 5000
        }
      ],
      "passes": [],
      "failures": [],
      "pending": [],
      "skipped": [],
      "duration": 0,
      "root": true,
      "rootEmpty": true,
      "_timeout": 5000
    }
  ],
  "meta": {
    "mocha": {
      "version": "8.4.0"
    },
    "mochawesome": {
      "options": {
        "quiet": false,
        "reportFilename": "mochawesome",
        "saveHtml": true,
        "saveJson": true,
        "consoleReporter": "spec",
        "useInlineDiffs": false,
        "code": true
      },
      "version": "6.2.2"
    },
    "marge": {
      "options": null,
      "version": "5.2.0"
    }
  }
}